<?xml version="1.0" encoding="UTF-8"?>
<!-- Generated by org.testng.reporters.JUnitReportReporter -->
<testsuite hostname="Trupti-PC" name="com.jbk.BasicMaven.AppTest" tests="1" failures="0" timestamp="1 Apr 2019 08:06:19 GMT" time="0.047" errors="0">
  <testcase name="sum" time="0.047" classname="com.jbk.BasicMaven.AppTest"/>
</testsuite> <!-- com.jbk.BasicMaven.AppTest -->
